<?xml version="1.0" encoding="UTF-8"?>
<!-- Generated by org.testng.reporters.JUnitXMLReporter -->
<testsuite hostname="fcc-PC" name="listentest" tests="4" failures="0" timestamp="4 Sep 2016 00:24:36 GMT" time="0.278" errors="0">
  <testcase name="alert" time="0.1" classname="ford.selmaven.AlertTest"/>
  <testcase name="alerttrial" time="0.01" classname="ford.selmaven.AlertTest"/>
  <testcase name="alert" time="0.0" classname="ford.selmaven.CopyOfAlertTest"/>
  <testcase name="alerttrial" time="0.0" classname="ford.selmaven.CopyOfAlertTest"/>
</testsuite> <!-- listentest -->
